<?xml version="1.0" encoding="UTF-8"?><testsuite failures="0" name="cucumber.runtime.formatter.JUnitFormatter" skipped="0" tests="1" time="79.91753">
<testcase classname="Free CRM Appliction test" name="Validate Free CRM Home Page Test" time="79.91753">
<system-out><![CDATA[Given user opens the browser................................................passed
Then user is on login page..................................................passed
Then user logs into app.....................................................passed
Then validate home page titile..............................................passed
Then validate logged in username............................................passed
]]></system-out>
</testcase>
</testsuite>
